<?xml version="1.0" encoding="UTF-8"?>
<!-- Generated by org.testng.reporters.JUnitReportReporter -->
<testsuite skipped="0" hostname="smylam" name="com.dataprovideTestNG.ClassA" tests="1" failures="0" timestamp="23 Mar 2020 21:19:40 GMT" time="0.023" errors="0">
  <testcase name="A1" time="0.023" classname="com.dataprovideTestNG.ClassA"/>
</testsuite> <!-- com.dataprovideTestNG.ClassA -->
