<?xml version="1.0" encoding="UTF-8"?>
<!-- Generated by org.testng.reporters.JUnitReportReporter -->
<testsuite skipped="0" hostname="smylam" name="com.dataprovideTestNG.ClassB" tests="3" failures="0" timestamp="23 Mar 2020 21:14:33 GMT" time="0.012" errors="0">
  <testcase name="B1" time="0.002" classname="com.dataprovideTestNG.ClassB"/>
  <testcase name="B2" time="0.003" classname="com.dataprovideTestNG.ClassB"/>
  <testcase name="B3" time="0.007" classname="com.dataprovideTestNG.ClassB"/>
</testsuite> <!-- com.dataprovideTestNG.ClassB -->
