<?xml version="1.0" encoding="UTF-8"?>
<!-- Generated by org.testng.reporters.JUnitReportReporter -->
<testsuite skipped="0" hostname="smylam" name="com.testNG.inheritence.SuperClass" tests="1" failures="0" timestamp="06 Mar 2020 15:18:18 GMT" time="0.022" errors="0">
  <testcase name="superclassmethod" time="0.022" classname="com.testNG.inheritence.SuperClass"/>
</testsuite> <!-- com.testNG.inheritence.SuperClass -->
