<?xml version="1.0" encoding="UTF-8"?>
<!-- Generated by org.testng.reporters.JUnitReportReporter -->
<testsuite skipped="0" hostname="smylam" name="com.testNG.inheritence.SubClass" tests="2" failures="0" timestamp="06 Mar 2020 15:18:18 GMT" time="0.007" errors="0">
  <testcase name="superclassmethod" time="0.004" classname="com.testNG.inheritence.SubClass"/>
  <testcase name="subClassMethod" time="0.003" classname="com.testNG.inheritence.SubClass"/>
</testsuite> <!-- com.testNG.inheritence.SubClass -->
