<?xml version="1.0" encoding="UTF-8"?>
<!-- Generated by org.testng.reporters.JUnitReportReporter -->
<testsuite skipped="0" hostname="smylam" name="com.testNG.Interface.TestNG_OverloadMethod" tests="3" failures="0" timestamp="05 Mar 2020 18:43:54 GMT" time="0.043" errors="0">
  <testcase name="f" time="0.035" classname="com.testNG.Interface.TestNG_OverloadMethod"/>
  <testcase name="f" time="0.005" classname="com.testNG.Interface.TestNG_OverloadMethod"/>
  <testcase name="f" time="0.003" classname="com.testNG.Interface.TestNG_OverloadMethod"/>
</testsuite> <!-- com.testNG.Interface.TestNG_OverloadMethod -->
