<?xml version="1.0" encoding="UTF-8"?>
<!-- Generated by org.testng.reporters.JUnitReportReporter -->
<testsuite skipped="0" hostname="smylam" name="com.testNGListners.TestNG_IHookable" tests="3" failures="0" timestamp="29 Mar 2019 17:25:19 GMT" time="0.018" errors="0">
  <testcase name="t" time="0.015" classname="com.testNGListners.TestNG_IHookable"/>
  <testcase name="t" time="0.002" classname="com.testNGListners.TestNG_IHookable"/>
  <testcase name="t" time="0.001" classname="com.testNGListners.TestNG_IHookable"/>
</testsuite> <!-- com.testNGListners.TestNG_IHookable -->
