<?xml version="1.0" encoding="UTF-8"?>
<!-- Generated by org.testng.reporters.JUnitReportReporter -->
<testsuite skipped="0" hostname="smylam" name="com.testNGListners.Tests" tests="3" failures="0" timestamp="10 Apr 2019 20:50:54 GMT" time="0.032" errors="0">
  <testcase name="test2" time="0.005" classname="com.testNGListners.Tests"/>
  <testcase name="test" time="0.025" classname="com.testNGListners.Tests"/>
  <testcase name="test3" time="0.002" classname="com.testNGListners.Tests"/>
</testsuite> <!-- com.testNGListners.Tests -->
