<?xml version="1.0" encoding="UTF-8"?>
<!-- Generated by org.testng.reporters.JUnitReportReporter -->
<testsuite skipped="0" hostname="smylam" name="com.testNG.practice1.Test2" tests="1" failures="0" timestamp="05 Mar 2020 17:01:51 GMT" time="0.008" errors="0">
  <testcase name="myTest2" time="0.008" classname="com.testNG.practice1.Test2"/>
</testsuite> <!-- com.testNG.practice1.Test2 -->
