<?xml version="1.0" encoding="UTF-8"?>
<!-- Generated by org.testng.reporters.JUnitReportReporter -->
<testsuite skipped="0" hostname="smylam" name="com.testNG.parameters.Parameter1" tests="2" failures="0" timestamp="06 Mar 2020 20:38:42 GMT" time="0.022" errors="0">
  <testcase name="method2" time="0.020" classname="com.testNG.parameters.Parameter1"/>
  <testcase name="method3" time="0.002" classname="com.testNG.parameters.Parameter1"/>
</testsuite> <!-- com.testNG.parameters.Parameter1 -->
