<?xml version="1.0" encoding="UTF-8"?>
<!-- Generated by org.testng.reporters.JUnitReportReporter -->
<testsuite skipped="0" hostname="smylam" name="com.testNG.Interface.Override2" tests="1" failures="0" timestamp="06 Mar 2020 15:21:30 GMT" time="0.004" errors="0">
  <testcase name="f" time="0.004" classname="com.testNG.Interface.Override2"/>
</testsuite> <!-- com.testNG.Interface.Override2 -->
