<?xml version="1.0" encoding="UTF-8"?>
<!-- Generated by org.testng.reporters.JUnitReportReporter -->
<testsuite skipped="0" hostname="smylam" name="com.testNG.practice1.subpack1.subofsubpack1.Test8" tests="1" failures="0" timestamp="05 Mar 2020 17:02:23 GMT" time="0.066" errors="0">
  <testcase name="Test8" time="0.066" classname="com.testNG.practice1.subpack1.subofsubpack1.Test8"/>
</testsuite> <!-- com.testNG.practice1.subpack1.subofsubpack1.Test8 -->
