<?xml version="1.0" encoding="UTF-8"?>
<!-- Generated by org.testng.reporters.JUnitReportReporter -->
<testsuite skipped="0" hostname="smylam" name="com.agmednet.rwd.UpdateRUNID" tests="1" failures="0" timestamp="11 Nov 2018 01:07:53 GMT" time="3.222" errors="0">
  <testcase name="f" time="3.222" classname="com.agmednet.rwd.UpdateRUNID"/>
</testsuite> <!-- com.agmednet.rwd.UpdateRUNID -->
