<?xml version="1.0" encoding="UTF-8"?>
<!-- Generated by org.testng.reporters.JUnitReportReporter -->
<testsuite skipped="0" hostname="smylam" name="com.testNG.groups.Groups" tests="3" failures="0" timestamp="06 Mar 2020 18:10:51 GMT" time="0.071" errors="0">
  <testcase name="G1Method2" time="0.007" classname="com.testNG.groups.Groups"/>
  <testcase name="G2Method1" time="0.003" classname="com.testNG.groups.Groups"/>
  <testcase name="G1Method1" time="0.061" classname="com.testNG.groups.Groups"/>
</testsuite> <!-- com.testNG.groups.Groups -->
