<?xml version="1.0" encoding="UTF-8"?>
<!-- Generated by org.testng.reporters.JUnitReportReporter -->
<testsuite skipped="0" hostname="DESKTOP-8T83S39" name="com.agmednet.rwd.NewTest1" tests="3" failures="0" timestamp="16 Mar 2018 14:18:14 GMT" time="0.004" errors="0">
  <testcase name="g1" time="0.002" classname="com.agmednet.rwd.NewTest1"/>
  <testcase name="g3" time="0.001" classname="com.agmednet.rwd.NewTest1"/>
  <testcase name="g2" time="0.001" classname="com.agmednet.rwd.NewTest1"/>
</testsuite> <!-- com.agmednet.rwd.NewTest1 -->
