<?xml version="1.0" encoding="UTF-8"?>
<!-- Generated by org.testng.reporters.JUnitReportReporter -->
<testsuite skipped="0" hostname="smylam" name="com.testNG.Interface.InterfaceTestNGClass" tests="3" failures="0" timestamp="05 Mar 2020 18:19:58 GMT" time="0.036" errors="0">
  <testcase name="interfaceTest2" time="0.004" classname="com.testNG.Interface.InterfaceTestNGClass"/>
  <testcase name="interfaceTestNGMethod" time="0.025" classname="com.testNG.Interface.InterfaceTestNGClass"/>
  <testcase name="interfaceTest1" time="0.007" classname="com.testNG.Interface.InterfaceTestNGClass"/>
</testsuite> <!-- com.testNG.Interface.InterfaceTestNGClass -->
