<?xml version="1.0" encoding="UTF-8"?>
<!-- Generated by org.testng.reporters.JUnitReportReporter -->
<testsuite skipped="0" hostname="smylam" name="com.testNG.practice2.Test6" tests="1" failures="0" timestamp="05 Mar 2020 17:12:13 GMT" time="0.004" errors="0">
  <testcase name="myTest6" time="0.004" classname="com.testNG.practice2.Test6"/>
</testsuite> <!-- com.testNG.practice2.Test6 -->
