<?xml version="1.0" encoding="UTF-8"?>
<!-- Generated by org.testng.reporters.JUnitReportReporter -->
<testsuite skipped="0" hostname="smylam" name="com.agm.dataprovider.NewTest" tests="3" failures="0" timestamp="13 Mar 2020 02:43:58 GMT" time="0.027" errors="0">
  <testcase name="method1" time="0.012" classname="com.agm.dataprovider.NewTest"/>
  <testcase name="method1" time="0.010" classname="com.agm.dataprovider.NewTest"/>
  <testcase name="method1" time="0.005" classname="com.agm.dataprovider.NewTest"/>
</testsuite> <!-- com.agm.dataprovider.NewTest -->
