<?xml version="1.0" encoding="UTF-8"?>
<!-- Generated by org.testng.reporters.JUnitReportReporter -->
<testsuite skipped="0" hostname="smylam" name="com.testNG.practice2.Test5" tests="1" failures="0" timestamp="05 Mar 2020 17:12:13 GMT" time="0.002" errors="0">
  <testcase name="myTest5" time="0.002" classname="com.testNG.practice2.Test5"/>
</testsuite> <!-- com.testNG.practice2.Test5 -->
