<?xml version="1.0" encoding="UTF-8"?>
<!-- Generated by org.testng.reporters.JUnitReportReporter -->
<testsuite skipped="0" hostname="smylam" name="com.testNG.practice1.Test3" tests="1" failures="0" timestamp="05 Mar 2020 17:01:51 GMT" time="0.003" errors="0">
  <testcase name="myTest3" time="0.003" classname="com.testNG.practice1.Test3"/>
</testsuite> <!-- com.testNG.practice1.Test3 -->
