<?xml version="1.0" encoding="UTF-8"?>
<!-- Generated by org.testng.reporters.JUnitReportReporter -->
<testsuite skipped="0" hostname="smylam" name="com.dataprovideTestNG.DataProvider_dup" tests="2" failures="0" timestamp="28 Mar 2019 15:19:00 GMT" time="0.025" errors="0">
  <testcase name="Test1" time="0.002" classname="com.dataprovideTestNG.DataProvider_dup"/>
  <testcase name="Test1" time="0.023" classname="com.dataprovideTestNG.DataProvider_dup"/>
</testsuite> <!-- com.dataprovideTestNG.DataProvider_dup -->
